2024-01-12 09:05:40,459 [Worker-8: Loading available Gradle versions] INFO  o.e.b.c.i.u.g.PublishedGradleVersions - Gradle version information cache is not available. Remote download required.
2024-01-15 08:20:26,702 [Worker-5: Loading available Gradle versions] INFO  o.e.b.c.i.u.g.PublishedGradleVersions - Gradle version information cache is out-of-date. Trying to update.
2024-01-18 21:38:43,837 [Worker-4: Loading available Gradle versions] INFO  o.e.b.c.i.u.g.PublishedGradleVersions - Gradle version information cache is out-of-date. Trying to update.
2024-01-19 08:08:13,193 [Worker-7: Loading available Gradle versions] INFO  o.e.b.c.i.u.g.PublishedGradleVersions - Gradle version information cache is up-to-date. Trying to read.
2024-01-22 08:44:03,351 [Worker-4: Loading available Gradle versions] INFO  o.e.b.c.i.u.g.PublishedGradleVersions - Gradle version information cache is out-of-date. Trying to update.
2024-01-22 10:06:33,959 [Worker-2: Loading available Gradle versions] INFO  o.e.b.c.i.u.g.PublishedGradleVersions - Gradle version information cache is up-to-date. Trying to read.
2024-01-25 12:59:47,251 [Worker-1: Loading available Gradle versions] INFO  o.e.b.c.i.u.g.PublishedGradleVersions - Gradle version information cache is out-of-date. Trying to update.
2024-01-25 14:35:17,297 [Worker-1: Loading available Gradle versions] INFO  o.e.b.c.i.u.g.PublishedGradleVersions - Gradle version information cache is up-to-date. Trying to read.
2024-02-23 08:29:34,856 [Worker-5: Loading available Gradle versions] INFO  o.e.b.c.i.u.g.PublishedGradleVersions - Gradle version information cache is out-of-date. Trying to update.
2024-02-26 08:55:29,916 [Worker-2: Loading available Gradle versions] INFO  o.e.b.c.i.u.g.PublishedGradleVersions - Gradle version information cache is out-of-date. Trying to update.
2024-02-26 09:07:53,500 [Worker-2: Loading available Gradle versions] INFO  o.e.b.c.i.u.g.PublishedGradleVersions - Gradle version information cache is up-to-date. Trying to read.
2024-02-26 09:21:52,847 [Worker-1: Loading available Gradle versions] INFO  o.e.b.c.i.u.g.PublishedGradleVersions - Gradle version information cache is up-to-date. Trying to read.
2024-02-26 10:32:17,828 [Worker-30: Loading available Gradle versions] INFO  o.e.b.c.i.u.g.PublishedGradleVersions - Gradle version information cache is up-to-date. Trying to read.
2024-02-26 10:39:31,816 [Worker-8: Loading available Gradle versions] INFO  o.e.b.c.i.u.g.PublishedGradleVersions - Gradle version information cache is up-to-date. Trying to read.
2024-03-01 08:36:49,055 [Worker-11: Loading available Gradle versions] INFO  o.e.b.c.i.u.g.PublishedGradleVersions - Gradle version information cache is out-of-date. Trying to update.
2024-03-04 08:59:12,172 [Worker-32: Loading available Gradle versions] INFO  o.e.b.c.i.u.g.PublishedGradleVersions - Gradle version information cache is out-of-date. Trying to update.
2024-03-04 08:59:58,032 [main] INFO  org.hibernate.cfg.Environment - Hibernate 3.5.6-Final
2024-03-04 08:59:58,079 [main] INFO  org.hibernate.cfg.Environment - hibernate.properties not found
2024-03-04 08:59:58,092 [main] INFO  org.hibernate.cfg.Environment - Bytecode provider name : javassist
2024-03-04 08:59:58,098 [main] INFO  org.hibernate.cfg.Environment - using JDK 1.4 java.sql.Timestamp handling
2024-03-04 09:08:45,088 [main] INFO  org.hibernate.cfg.Configuration - configuring from XML document
2024-03-04 09:08:45,091 [main] INFO  org.hibernate.cfg.Configuration - Configured SessionFactory: null
2024-03-04 09:08:51,898 [main] INFO  org.hibernate.cfg.Configuration - configuring from XML document
2024-03-04 09:08:51,899 [main] INFO  org.hibernate.cfg.Configuration - Configured SessionFactory: null
2024-03-04 09:08:58,123 [main] INFO  o.hibernate.cfg.annotations.Version - Hibernate Annotations 3.5.6-Final
2024-03-04 09:08:58,170 [main] INFO  org.hibernate.cfg.Configuration - configuring from XML document
2024-03-04 09:08:58,170 [main] INFO  org.hibernate.cfg.Configuration - Configured SessionFactory: null
2024-03-04 09:08:58,226 [main] INFO  o.h.cfg.AnnotationConfiguration - Hibernate Validator not found: ignoring
2024-03-04 09:10:24,462 [main] INFO  org.hibernate.cfg.Configuration - configuring from XML document
2024-03-04 09:10:24,463 [main] INFO  org.hibernate.cfg.Configuration - Configured SessionFactory: null
2024-03-04 09:10:28,154 [main] INFO  org.hibernate.cfg.Configuration - configuring from XML document
2024-03-04 09:10:28,154 [main] INFO  org.hibernate.cfg.Configuration - Configured SessionFactory: null
2024-03-04 09:10:29,218 [main] INFO  org.hibernate.cfg.Configuration - configuring from XML document
2024-03-04 09:10:29,219 [main] INFO  org.hibernate.cfg.Configuration - Configured SessionFactory: null
2024-03-04 09:10:29,220 [main] INFO  o.h.cfg.AnnotationConfiguration - Hibernate Validator not found: ignoring
2024-03-04 09:10:33,686 [main] INFO  org.hibernate.cfg.Configuration - configuring from XML document
2024-03-04 09:10:33,686 [main] INFO  org.hibernate.cfg.Configuration - Configured SessionFactory: null
2024-03-04 09:10:33,688 [main] INFO  o.h.cfg.AnnotationConfiguration - Hibernate Validator not found: ignoring
2024-03-04 09:10:52,745 [main] INFO  org.hibernate.cfg.Configuration - configuring from XML document
2024-03-04 09:10:52,746 [main] INFO  org.hibernate.cfg.Configuration - Configured SessionFactory: null
2024-03-04 09:10:52,748 [main] INFO  o.h.cfg.AnnotationConfiguration - Hibernate Validator not found: ignoring
